v ATLAS
# This file was created by ATLAS version 5.23.3.C on Fri Dec  6 10:06:18 2019.
#SSF 2.0 generic
##############################################################################
#                    Copyright (c) 1984 - 2016                               #
#                    Silvaco Inc. All rights reserved                        #
#                                                                            #
# This file format and the following Key are copyright Silvaco Inc.          #
# You may not use, this format or key without reproducing this message in    #
# full and obtaining express written permission from Silvaco Inc.            #
#                                                                            #
# To obtain such permission please contact: Silvaco Inc.                     #
#                                           support@silvaco.com              #
#                                                                            #
# KEY=SVC86hn7562asdx                       PROD=345                         #
##############################################################################
y 1 15
z 300
f 2 "anode" "cathode" 
p 6 2 601 20 3 602 21 
d -1.500000000e+00 -1.500000000e+00 -1.007428414e-17 0.000000000e+00 0.000000000e+00 1.018466480e-17 
d -1.400000000e+00 -1.400000000e+00 -9.348827356e-18 0.000000000e+00 0.000000000e+00 8.307262404e-18 
d -1.300000000e+00 -1.300000000e+00 -8.892851992e-18 0.000000000e+00 0.000000000e+00 8.307262404e-18 
d -1.200000000e+00 -1.200000000e+00 -8.593048178e-18 0.000000000e+00 0.000000000e+00 9.085460287e-18 
d -1.100000000e+00 -1.100000000e+00 -8.070234433e-18 0.000000000e+00 0.000000000e+00 7.966800830e-18 
d -1.000000000e+00 -1.000000000e+00 -7.365486535e-18 0.000000000e+00 0.000000000e+00 7.315060103e-18 
d -9.000000000e-01 -9.000000000e-01 -6.915400853e-18 0.000000000e+00 0.000000000e+00 6.906506214e-18 
d -8.000000000e-01 -8.000000000e-01 -6.468810983e-18 0.000000000e+00 0.000000000e+00 6.566044640e-18 
d -7.000000000e-01 -7.000000000e-01 -5.736210591e-18 0.000000000e+00 0.000000000e+00 5.807301704e-18 
d -6.000000000e-01 -6.000000000e-01 -5.174942927e-18 0.000000000e+00 0.000000000e+00 5.768391810e-18 
d -5.000000000e-01 -5.000000000e-01 -4.577539219e-18 0.000000000e+00 0.000000000e+00 4.669187300e-18 
d -4.000000000e-01 -4.000000000e-01 -3.853678355e-18 0.000000000e+00 0.000000000e+00 3.803442155e-18 
d -3.000000000e-01 -3.000000000e-01 -3.182064662e-18 0.000000000e+00 0.000000000e+00 3.268431110e-18 
d -2.000000000e-01 -2.000000000e-01 -2.423473676e-18 0.000000000e+00 0.000000000e+00 2.363776071e-18 
d -1.000000000e-01 -1.000000000e-01 -1.574979499e-18 0.000000000e+00 0.000000000e+00 1.935767235e-18 
d -1.148061554e-16 -1.148061554e-16 -1.181736040e-20 0.000000000e+00 0.000000000e+00 6.809231474e-20 
d 1.000000000e-01 1.000000000e-01 9.899845324e-18 0.000000000e+00 0.000000000e+00 -9.824748311e-18 
d 2.000000000e-01 2.000000000e-01 8.830083173e-17 0.000000000e+00 0.000000000e+00 -8.865619561e-17 
d 3.000000000e-01 3.000000000e-01 7.304869488e-16 0.000000000e+00 0.000000000e+00 -7.305819848e-16 
d 4.000000000e-01 4.000000000e-01 5.499734814e-15 0.000000000e+00 0.000000000e+00 -5.500170503e-15 
d 5.000000000e-01 5.000000000e-01 4.083429811e-14 0.000000000e+00 0.000000000e+00 -4.083470742e-14 
d 6.000000000e-01 6.000000000e-01 3.424569754e-13 0.000000000e+00 0.000000000e+00 -3.424570163e-13 
d 7.000000000e-01 7.000000000e-01 4.010229593e-12 0.000000000e+00 0.000000000e+00 -4.010229993e-12 
d 8.000000000e-01 8.000000000e-01 9.109371109e-11 0.000000000e+00 0.000000000e+00 -9.109371242e-11 
d 9.000000000e-01 9.000000000e-01 3.440666034e-09 0.000000000e+00 0.000000000e+00 -3.440666033e-09 
d 1.000000000e+00 1.000000000e+00 1.506940381e-07 0.000000000e+00 0.000000000e+00 -1.506940381e-07 
d 1.100000000e+00 1.100000000e+00 5.767793826e-06 0.000000000e+00 0.000000000e+00 -5.767793826e-06 
d 1.200000000e+00 1.200000000e+00 9.412195711e-05 0.000000000e+00 0.000000000e+00 -9.412196044e-05 
d 1.300000000e+00 1.300000000e+00 5.085672462e-04 0.000000000e+00 0.000000000e+00 -5.085672462e-04 
d 1.400000000e+00 1.400000000e+00 1.292099068e-03 0.000000000e+00 0.000000000e+00 -1.292099067e-03 
d 1.500000000e+00 1.500000000e+00 2.077668411e-03 0.000000000e+00 0.000000000e+00 -2.077668410e-03 
d 1.093750000e+00 1.093750000e+00 4.661451402e-06 0.000000000e+00 0.000000000e+00 -4.661451402e-06 
d 8.906250000e-01 8.906250000e-01 2.422844337e-09 0.000000000e+00 0.000000000e+00 -2.422844337e-09 
d 6.875000000e-01 6.875000000e-01 2.857194964e-12 0.000000000e+00 0.000000000e+00 -2.857195847e-12 
d -1.250000000e-01 -1.250000000e-01 -1.827703868e-18 0.000000000e+00 0.000000000e+00 1.721762817e-18 
d -1.750000000e+00 -1.750000000e+00 -1.093930742e-17 0.000000000e+00 0.000000000e+00 1.103095499e-17 
d -5.000000000e+00 -5.000000000e+00 -2.226577403e-17 0.000000000e+00 0.000000000e+00 2.254828367e-17 
